This file contains any messages produced by compilers while
running configure, to aid debugging if configure makes a mistake.

It was created by scrypt configure 1.2.1, which was
generated by GNU Autoconf 2.69.  Invocation command line was

  $ ./configure 

## --------- ##
## Platform. ##
## --------- ##

hostname = Elvis0nA1r
uname -m = x86_64
uname -r = 4.10.0-38-generic
uname -s = Linux
uname -v = #42~16.04.1-Ubuntu SMP Tue Oct 10 16:32:20 UTC 2017

/usr/bin/uname -p = unknown
/bin/uname -X     = unknown

/bin/arch              = unknown
/usr/bin/arch -k       = unknown
/usr/convex/getsysinfo = unknown
/usr/bin/hostinfo      = unknown
/bin/machine           = unknown
/usr/bin/oslevel       = unknown
/bin/universe          = unknown

PATH: /usr/local/sbin
PATH: /usr/local/bin
PATH: /usr/sbin
PATH: /usr/bin
PATH: /sbin
PATH: /bin
PATH: /usr/games
PATH: /usr/local/games
PATH: /opt/ripple/bin
PATH: /usr/lib/go-1.8/bin


## ----------- ##
## Core tests. ##
## ----------- ##

configure:2317: checking for a BSD-compatible install
configure:2385: result: /usr/bin/install -c
configure:2396: checking whether build environment is sane
configure:2451: result: yes
configure:2602: checking for a thread-safe mkdir -p
configure:2641: result: /bin/mkdir -p
configure:2648: checking for gawk
configure:2678: result: no
configure:2648: checking for mawk
configure:2664: found /usr/bin/mawk
configure:2675: result: mawk
configure:2686: checking whether make sets $(MAKE)
configure:2708: result: yes
configure:2737: checking whether make supports nested variables
configure:2754: result: yes
configure:2894: checking for style of include used by make
configure:2922: result: GNU
configure:2993: checking for gcc
configure:3009: found /usr/bin/gcc
configure:3020: result: gcc
configure:3249: checking for C compiler version
configure:3258: gcc --version >&5
gcc (Ubuntu 5.4.0-6ubuntu1~16.04.4) 5.4.0 20160609
Copyright (C) 2015 Free Software Foundation, Inc.
This is free software; see the source for copying conditions.  There is NO
warranty; not even for MERCHANTABILITY or FITNESS FOR A PARTICULAR PURPOSE.

configure:3269: $? = 0
configure:3258: gcc -v >&5
Using built-in specs.
COLLECT_GCC=gcc
COLLECT_LTO_WRAPPER=/usr/lib/gcc/x86_64-linux-gnu/5/lto-wrapper
Target: x86_64-linux-gnu
Configured with: ../src/configure -v --with-pkgversion='Ubuntu 5.4.0-6ubuntu1~16.04.4' --with-bugurl=file:///usr/share/doc/gcc-5/README.Bugs --enable-languages=c,ada,c++,java,go,d,fortran,objc,obj-c++ --prefix=/usr --program-suffix=-5 --enable-shared --enable-linker-build-id --libexecdir=/usr/lib --without-included-gettext --enable-threads=posix --libdir=/usr/lib --enable-nls --with-sysroot=/ --enable-clocale=gnu --enable-libstdcxx-debug --enable-libstdcxx-time=yes --with-default-libstdcxx-abi=new --enable-gnu-unique-object --disable-vtable-verify --enable-libmpx --enable-plugin --with-system-zlib --disable-browser-plugin --enable-java-awt=gtk --enable-gtk-cairo --with-java-home=/usr/lib/jvm/java-1.5.0-gcj-5-amd64/jre --enable-java-home --with-jvm-root-dir=/usr/lib/jvm/java-1.5.0-gcj-5-amd64 --with-jvm-jar-dir=/usr/lib/jvm-exports/java-1.5.0-gcj-5-amd64 --with-arch-directory=amd64 --with-ecj-jar=/usr/share/java/eclipse-ecj.jar --enable-objc-gc --enable-multiarch --disable-werror --with-arch-32=i686 --with-abi=m64 --with-multilib-list=m32,m64,mx32 --enable-multilib --with-tune=generic --enable-checking=release --build=x86_64-linux-gnu --host=x86_64-linux-gnu --target=x86_64-linux-gnu
Thread model: posix
gcc version 5.4.0 20160609 (Ubuntu 5.4.0-6ubuntu1~16.04.4) 
configure:3269: $? = 0
configure:3258: gcc -V >&5
gcc: error: unrecognized command line option '-V'
gcc: fatal error: no input files
compilation terminated.
configure:3269: $? = 1
configure:3258: gcc -qversion >&5
gcc: error: unrecognized command line option '-qversion'
gcc: fatal error: no input files
compilation terminated.
configure:3269: $? = 1
configure:3289: checking whether the C compiler works
configure:3311: gcc    conftest.c  >&5
configure:3315: $? = 0
configure:3363: result: yes
configure:3366: checking for C compiler default output file name
configure:3368: result: a.out
configure:3374: checking for suffix of executables
configure:3381: gcc -o conftest    conftest.c  >&5
configure:3385: $? = 0
configure:3407: result: 
configure:3429: checking whether we are cross compiling
configure:3437: gcc -o conftest    conftest.c  >&5
configure:3441: $? = 0
configure:3448: ./conftest
configure:3452: $? = 0
configure:3467: result: no
configure:3472: checking for suffix of object files
configure:3494: gcc -c   conftest.c >&5
configure:3498: $? = 0
configure:3519: result: o
configure:3523: checking whether we are using the GNU C compiler
configure:3542: gcc -c   conftest.c >&5
configure:3542: $? = 0
configure:3551: result: yes
configure:3560: checking whether gcc accepts -g
configure:3580: gcc -c -g  conftest.c >&5
configure:3580: $? = 0
configure:3621: result: yes
configure:3638: checking for gcc option to accept ISO C89
configure:3701: gcc  -c -g -O2  conftest.c >&5
configure:3701: $? = 0
configure:3714: result: none needed
configure:3739: checking whether gcc understands -c and -o together
configure:3761: gcc -c conftest.c -o conftest2.o
configure:3764: $? = 0
configure:3761: gcc -c conftest.c -o conftest2.o
configure:3764: $? = 0
configure:3776: result: yes
configure:3795: checking dependency style of gcc
configure:3906: result: gcc3
configure:3921: checking for gcc option to accept ISO C99
configure:4070: gcc  -c -g -O2  conftest.c >&5
configure:4070: $? = 0
configure:4083: result: none needed
configure:4141: checking for ranlib
configure:4157: found /usr/bin/ranlib
configure:4168: result: ranlib
configure:4240: checking for ar
configure:4256: found /usr/bin/ar
configure:4267: result: ar
configure:4293: checking the archiver (ar) interface
configure:4309: gcc -c -g -O2  conftest.c >&5
configure:4309: $? = 0
configure:4311: ar cru libconftest.a conftest.o >&5
ar: `u' modifier ignored since `D' is the default (see `U')
configure:4314: $? = 0
configure:4342: result: ar
configure:4365: checking whether to enable maintainer-specific portions of Makefiles
configure:4374: result: no
configure:4391: checking for library containing clock_gettime
configure:4422: gcc -o conftest -g -O2   conftest.c  >&5
configure:4422: $? = 0
configure:4439: result: none required
configure:4449: checking for clock_gettime
configure:4449: gcc -o conftest -g -O2   conftest.c  >&5
configure:4449: $? = 0
configure:4449: result: yes
configure:4459: checking for library containing AES_encrypt
configure:4490: gcc -o conftest -g -O2   conftest.c  >&5
/tmp/ccFq7hLZ.o: In function `main':
/home/elvis/OtherProjs/scrypt-1.2.1/conftest.c:23: undefined reference to `AES_encrypt'
collect2: error: ld returned 1 exit status
configure:4490: $? = 1
configure: failed program was:
| /* confdefs.h */
| #define PACKAGE_NAME "scrypt"
| #define PACKAGE_TARNAME "scrypt"
| #define PACKAGE_VERSION "1.2.1"
| #define PACKAGE_STRING "scrypt 1.2.1"
| #define PACKAGE_BUGREPORT "https://github.com/Tarsnap/scrypt"
| #define PACKAGE_URL "http://www.tarsnap.com/scrypt/"
| #define PACKAGE "scrypt"
| #define VERSION "1.2.1"
| #define HAVE_CLOCK_GETTIME 1
| /* end confdefs.h.  */
| 
| /* Override any GCC internal prototype to avoid an error.
|    Use char because int might match the return type of a GCC
|    builtin and then its argument prototype would still apply.  */
| #ifdef __cplusplus
| extern "C"
| #endif
| char AES_encrypt ();
| int
| main ()
| {
| return AES_encrypt ();
|   ;
|   return 0;
| }
configure:4490: gcc -o conftest -g -O2   conftest.c -lcrypto   >&5
configure:4490: $? = 0
configure:4507: result: -lcrypto
configure:4526: checking how to run the C preprocessor
configure:4557: gcc -E  conftest.c
configure:4557: $? = 0
configure:4571: gcc -E  conftest.c
conftest.c:12:28: fatal error: ac_nonexistent.h: No such file or directory
compilation terminated.
configure:4571: $? = 1
configure: failed program was:
| /* confdefs.h */
| #define PACKAGE_NAME "scrypt"
| #define PACKAGE_TARNAME "scrypt"
| #define PACKAGE_VERSION "1.2.1"
| #define PACKAGE_STRING "scrypt 1.2.1"
| #define PACKAGE_BUGREPORT "https://github.com/Tarsnap/scrypt"
| #define PACKAGE_URL "http://www.tarsnap.com/scrypt/"
| #define PACKAGE "scrypt"
| #define VERSION "1.2.1"
| #define HAVE_CLOCK_GETTIME 1
| /* end confdefs.h.  */
| #include <ac_nonexistent.h>
configure:4596: result: gcc -E
configure:4616: gcc -E  conftest.c
configure:4616: $? = 0
configure:4630: gcc -E  conftest.c
conftest.c:12:28: fatal error: ac_nonexistent.h: No such file or directory
compilation terminated.
configure:4630: $? = 1
configure: failed program was:
| /* confdefs.h */
| #define PACKAGE_NAME "scrypt"
| #define PACKAGE_TARNAME "scrypt"
| #define PACKAGE_VERSION "1.2.1"
| #define PACKAGE_STRING "scrypt 1.2.1"
| #define PACKAGE_BUGREPORT "https://github.com/Tarsnap/scrypt"
| #define PACKAGE_URL "http://www.tarsnap.com/scrypt/"
| #define PACKAGE "scrypt"
| #define VERSION "1.2.1"
| #define HAVE_CLOCK_GETTIME 1
| /* end confdefs.h.  */
| #include <ac_nonexistent.h>
configure:4659: checking for grep that handles long lines and -e
configure:4717: result: /bin/grep
configure:4722: checking for egrep
configure:4784: result: /bin/grep -E
configure:4789: checking for ANSI C header files
configure:4809: gcc -c -g -O2  conftest.c >&5
configure:4809: $? = 0
configure:4882: gcc -o conftest -g -O2   conftest.c -lcrypto  >&5
configure:4882: $? = 0
configure:4882: ./conftest
configure:4882: $? = 0
configure:4893: result: yes
configure:4906: checking for sys/types.h
configure:4906: gcc -c -g -O2  conftest.c >&5
configure:4906: $? = 0
configure:4906: result: yes
configure:4906: checking for sys/stat.h
configure:4906: gcc -c -g -O2  conftest.c >&5
configure:4906: $? = 0
configure:4906: result: yes
configure:4906: checking for stdlib.h
configure:4906: gcc -c -g -O2  conftest.c >&5
configure:4906: $? = 0
configure:4906: result: yes
configure:4906: checking for string.h
configure:4906: gcc -c -g -O2  conftest.c >&5
configure:4906: $? = 0
configure:4906: result: yes
configure:4906: checking for memory.h
configure:4906: gcc -c -g -O2  conftest.c >&5
configure:4906: $? = 0
configure:4906: result: yes
configure:4906: checking for strings.h
configure:4906: gcc -c -g -O2  conftest.c >&5
configure:4906: $? = 0
configure:4906: result: yes
configure:4906: checking for inttypes.h
configure:4906: gcc -c -g -O2  conftest.c >&5
configure:4906: $? = 0
configure:4906: result: yes
configure:4906: checking for stdint.h
configure:4906: gcc -c -g -O2  conftest.c >&5
configure:4906: $? = 0
configure:4906: result: yes
configure:4906: checking for unistd.h
configure:4906: gcc -c -g -O2  conftest.c >&5
configure:4906: $? = 0
configure:4906: result: yes
configure:4920: checking sys/sysinfo.h usability
configure:4920: gcc -c -g -O2  conftest.c >&5
configure:4920: $? = 0
configure:4920: result: yes
configure:4920: checking sys/sysinfo.h presence
configure:4920: gcc -E  conftest.c
configure:4920: $? = 0
configure:4920: result: yes
configure:4920: checking for sys/sysinfo.h
configure:4920: result: yes
configure:4932: checking for sysinfo
configure:4932: gcc -o conftest -g -O2   conftest.c -lcrypto  >&5
configure:4932: $? = 0
configure:4932: result: yes
configure:4941: checking for struct sysinfo
configure:4941: gcc -c -g -O2  conftest.c >&5
configure:4941: $? = 0
configure:4941: gcc -c -g -O2  conftest.c >&5
conftest.c: In function 'main':
conftest.c:29:29: error: expected expression before ')' token
 if (sizeof ((struct sysinfo)))
                             ^
configure:4941: $? = 1
configure: failed program was:
| /* confdefs.h */
| #define PACKAGE_NAME "scrypt"
| #define PACKAGE_TARNAME "scrypt"
| #define PACKAGE_VERSION "1.2.1"
| #define PACKAGE_STRING "scrypt 1.2.1"
| #define PACKAGE_BUGREPORT "https://github.com/Tarsnap/scrypt"
| #define PACKAGE_URL "http://www.tarsnap.com/scrypt/"
| #define PACKAGE "scrypt"
| #define VERSION "1.2.1"
| #define HAVE_CLOCK_GETTIME 1
| #define STDC_HEADERS 1
| #define HAVE_SYS_TYPES_H 1
| #define HAVE_SYS_STAT_H 1
| #define HAVE_STDLIB_H 1
| #define HAVE_STRING_H 1
| #define HAVE_MEMORY_H 1
| #define HAVE_STRINGS_H 1
| #define HAVE_INTTYPES_H 1
| #define HAVE_STDINT_H 1
| #define HAVE_UNISTD_H 1
| #define HAVE_SYS_SYSINFO_H 1
| #define HAVE_SYSINFO 1
| /* end confdefs.h.  */
| #include <sys/sysinfo.h>
| 
| int
| main ()
| {
| if (sizeof ((struct sysinfo)))
| 	    return 0;
|   ;
|   return 0;
| }
configure:4941: result: yes
configure:4952: checking for struct sysinfo.totalram
configure:4952: gcc -c -g -O2  conftest.c >&5
configure:4952: $? = 0
configure:4952: result: yes
configure:4962: checking for struct sysinfo.mem_unit
configure:4962: gcc -c -g -O2  conftest.c >&5
configure:4962: $? = 0
configure:4962: result: yes
configure:4978: checking sys/param.h usability
configure:4978: gcc -c -g -O2  conftest.c >&5
configure:4978: $? = 0
configure:4978: result: yes
configure:4978: checking sys/param.h presence
configure:4978: gcc -E  conftest.c
configure:4978: $? = 0
configure:4978: result: yes
configure:4978: checking for sys/param.h
configure:4978: result: yes
configure:4993: checking openssl/aes.h usability
configure:4993: gcc -c -g -O2  conftest.c >&5
configure:4993: $? = 0
configure:4993: result: yes
configure:4993: checking openssl/aes.h presence
configure:4993: gcc -E  conftest.c
configure:4993: $? = 0
configure:4993: result: yes
configure:4993: checking for openssl/aes.h
configure:4993: result: yes
configure:5010: checking sys/sysctl.h usability
configure:5010: gcc -c -g -O2  conftest.c >&5
configure:5010: $? = 0
configure:5010: result: yes
configure:5010: checking sys/sysctl.h presence
configure:5010: gcc -E  conftest.c
configure:5010: $? = 0
configure:5010: result: yes
configure:5010: checking for sys/sysctl.h
configure:5010: result: yes
configure:5024: checking for posix_memalign
configure:5024: gcc -o conftest -g -O2   conftest.c -lcrypto  >&5
conftest.c:53:6: warning: conflicting types for built-in function 'posix_memalign'
 char posix_memalign ();
      ^
configure:5024: $? = 0
configure:5024: result: yes
configure:5037: checking for mmap
configure:5037: gcc -o conftest -g -O2   conftest.c -lcrypto  >&5
configure:5037: $? = 0
configure:5037: result: yes
configure:5054: checking for special C compiler options needed for large files
configure:5099: result: no
configure:5105: checking for _FILE_OFFSET_BITS value needed for large files
configure:5130: gcc -c -g -O2  conftest.c >&5
configure:5130: $? = 0
configure:5162: result: no
configure:5249: checking compiler_warnings
configure:5258: result: yes
configure:5267: checking CFLAGS for maximum warnings
configure:5287: gcc -c -g -O2 -warn all  -warn all  conftest.c >&5
gcc: error: all: No such file or directory
gcc: error: all: No such file or directory
gcc: error: unrecognized command line option '-warn'
gcc: error: unrecognized command line option '-warn'
configure:5287: $? = 1
configure: failed program was:
| /* confdefs.h */
| #define PACKAGE_NAME "scrypt"
| #define PACKAGE_TARNAME "scrypt"
| #define PACKAGE_VERSION "1.2.1"
| #define PACKAGE_STRING "scrypt 1.2.1"
| #define PACKAGE_BUGREPORT "https://github.com/Tarsnap/scrypt"
| #define PACKAGE_URL "http://www.tarsnap.com/scrypt/"
| #define PACKAGE "scrypt"
| #define VERSION "1.2.1"
| #define HAVE_CLOCK_GETTIME 1
| #define STDC_HEADERS 1
| #define HAVE_SYS_TYPES_H 1
| #define HAVE_SYS_STAT_H 1
| #define HAVE_STDLIB_H 1
| #define HAVE_STRING_H 1
| #define HAVE_MEMORY_H 1
| #define HAVE_STRINGS_H 1
| #define HAVE_INTTYPES_H 1
| #define HAVE_STDINT_H 1
| #define HAVE_UNISTD_H 1
| #define HAVE_SYS_SYSINFO_H 1
| #define HAVE_SYSINFO 1
| #define HAVE_STRUCT_SYSINFO 1
| #define HAVE_STRUCT_SYSINFO_TOTALRAM 1
| #define HAVE_STRUCT_SYSINFO_MEM_UNIT 1
| #define HAVE_SYS_PARAM_H 1
| #define HAVE_OPENSSL_AES_H 1
| #define HAVE_SYS_SYSCTL_H 1
| #define HAVE_POSIX_MEMALIGN 1
| #define HAVE_MMAP 1
| /* end confdefs.h.  */
| 
| int
| main ()
| {
| 
|   ;
|   return 0;
| }
configure:5287: gcc -c -g -O2 -pedantic  -Wall  conftest.c >&5
configure:5287: $? = 0
configure:5295: result: -Wall
configure:5315: : CFLAGS="$CFLAGS"
configure:5318: $? = 0
configure:5458: checking that generated files are newer than configure
configure:5464: result: done
configure:5491: creating ./config.status

## ---------------------- ##
## Running config.status. ##
## ---------------------- ##

This file was extended by scrypt config.status 1.2.1, which was
generated by GNU Autoconf 2.69.  Invocation command line was

  CONFIG_FILES    = 
  CONFIG_HEADERS  = 
  CONFIG_LINKS    = 
  CONFIG_COMMANDS = 
  $ ./config.status 

on Elvis0nA1r

config.status:870: creating Makefile
config.status:870: creating config.h
config.status:1099: executing depfiles commands

## ---------------- ##
## Cache variables. ##
## ---------------- ##

ac_cv_c_compiler_gnu=yes
ac_cv_cflags_warn_all=-Wall
ac_cv_env_CC_set=
ac_cv_env_CC_value=
ac_cv_env_CFLAGS_set=
ac_cv_env_CFLAGS_value=
ac_cv_env_CPPFLAGS_set=
ac_cv_env_CPPFLAGS_value=
ac_cv_env_CPP_set=
ac_cv_env_CPP_value=
ac_cv_env_LDFLAGS_set=
ac_cv_env_LDFLAGS_value=
ac_cv_env_LIBS_set=
ac_cv_env_LIBS_value=
ac_cv_env_build_alias_set=
ac_cv_env_build_alias_value=
ac_cv_env_host_alias_set=
ac_cv_env_host_alias_value=
ac_cv_env_target_alias_set=
ac_cv_env_target_alias_value=
ac_cv_func_clock_gettime=yes
ac_cv_func_mmap=yes
ac_cv_func_posix_memalign=yes
ac_cv_func_sysinfo=yes
ac_cv_header_inttypes_h=yes
ac_cv_header_memory_h=yes
ac_cv_header_openssl_aes_h=yes
ac_cv_header_stdc=yes
ac_cv_header_stdint_h=yes
ac_cv_header_stdlib_h=yes
ac_cv_header_string_h=yes
ac_cv_header_strings_h=yes
ac_cv_header_sys_param_h=yes
ac_cv_header_sys_stat_h=yes
ac_cv_header_sys_sysctl_h=yes
ac_cv_header_sys_sysinfo_h=yes
ac_cv_header_sys_types_h=yes
ac_cv_header_unistd_h=yes
ac_cv_member_struct_sysinfo_mem_unit=yes
ac_cv_member_struct_sysinfo_totalram=yes
ac_cv_objext=o
ac_cv_path_EGREP='/bin/grep -E'
ac_cv_path_GREP=/bin/grep
ac_cv_path_install='/usr/bin/install -c'
ac_cv_path_mkdir=/bin/mkdir
ac_cv_prog_AWK=mawk
ac_cv_prog_CPP='gcc -E'
ac_cv_prog_ac_ct_AR=ar
ac_cv_prog_ac_ct_CC=gcc
ac_cv_prog_ac_ct_RANLIB=ranlib
ac_cv_prog_cc_c89=
ac_cv_prog_cc_c99=
ac_cv_prog_cc_g=yes
ac_cv_prog_make_make_set=yes
ac_cv_search_AES_encrypt=-lcrypto
ac_cv_search_clock_gettime='none required'
ac_cv_sys_file_offset_bits=no
ac_cv_sys_largefile_CC=no
ac_cv_type_struct_sysinfo=yes
am_cv_CC_dependencies_compiler_type=gcc3
am_cv_ar_interface=ar
am_cv_make_support_nested_variables=yes
am_cv_prog_cc_c_o=yes

## ----------------- ##
## Output variables. ##
## ----------------- ##

ACLOCAL='${SHELL} /home/elvis/OtherProjs/scrypt-1.2.1/config.aux/missing aclocal-1.15'
AMDEPBACKSLASH='\'
AMDEP_FALSE='#'
AMDEP_TRUE=''
AMTAR='$${TAR-tar}'
AM_BACKSLASH='\'
AM_DEFAULT_V='$(AM_DEFAULT_VERBOSITY)'
AM_DEFAULT_VERBOSITY='1'
AM_V='$(V)'
AR='ar'
AUTOCONF='${SHELL} /home/elvis/OtherProjs/scrypt-1.2.1/config.aux/missing autoconf'
AUTOHEADER='${SHELL} /home/elvis/OtherProjs/scrypt-1.2.1/config.aux/missing autoheader'
AUTOMAKE='${SHELL} /home/elvis/OtherProjs/scrypt-1.2.1/config.aux/missing automake-1.15'
AWK='mawk'
CC='gcc'
CCDEPMODE='depmode=gcc3'
CFLAGS='-g -O2 -Wall'
CPP='gcc -E'
CPPFLAGS=''
CYGPATH_W='echo'
DEFS='-DHAVE_CONFIG_H'
DEPDIR='.deps'
ECHO_C=''
ECHO_N='-n'
ECHO_T=''
EGREP='/bin/grep -E'
EXEEXT=''
GREP='/bin/grep'
INSTALL_DATA='${INSTALL} -m 644'
INSTALL_PROGRAM='${INSTALL}'
INSTALL_SCRIPT='${INSTALL}'
INSTALL_STRIP_PROGRAM='$(install_sh) -c -s'
LDFLAGS=''
LIBOBJS=''
LIBS='-lcrypto '
LTLIBOBJS=''
MAINT='#'
MAINTAINER_MODE_FALSE=''
MAINTAINER_MODE_TRUE='#'
MAKEINFO='${SHELL} /home/elvis/OtherProjs/scrypt-1.2.1/config.aux/missing makeinfo'
MKDIR_P='/bin/mkdir -p'
OBJEXT='o'
PACKAGE='scrypt'
PACKAGE_BUGREPORT='https://github.com/Tarsnap/scrypt'
PACKAGE_NAME='scrypt'
PACKAGE_STRING='scrypt 1.2.1'
PACKAGE_TARNAME='scrypt'
PACKAGE_URL='http://www.tarsnap.com/scrypt/'
PACKAGE_VERSION='1.2.1'
PATH_SEPARATOR=':'
RANLIB='ranlib'
SET_MAKE=''
SHELL='/bin/bash'
STRIP=''
VERSION='1.2.1'
ac_ct_AR='ar'
ac_ct_CC='gcc'
am__EXEEXT_FALSE=''
am__EXEEXT_TRUE='#'
am__fastdepCC_FALSE='#'
am__fastdepCC_TRUE=''
am__include='include'
am__isrc=''
am__leading_dot='.'
am__nodep='_no'
am__quote=''
am__tar='$${TAR-tar} chof - "$$tardir"'
am__untar='$${TAR-tar} xf -'
bindir='${exec_prefix}/bin'
build_alias=''
datadir='${datarootdir}'
datarootdir='${prefix}/share'
docdir='${datarootdir}/doc/${PACKAGE_TARNAME}'
dvidir='${docdir}'
exec_prefix='${prefix}'
host_alias=''
htmldir='${docdir}'
includedir='${prefix}/include'
infodir='${datarootdir}/info'
install_sh='${SHELL} /home/elvis/OtherProjs/scrypt-1.2.1/config.aux/install-sh'
libdir='${exec_prefix}/lib'
libexecdir='${exec_prefix}/libexec'
localedir='${datarootdir}/locale'
localstatedir='${prefix}/var'
mandir='${datarootdir}/man'
mkdir_p='$(MKDIR_P)'
oldincludedir='/usr/include'
pdfdir='${docdir}'
prefix='/usr/local'
program_transform_name='s,x,x,'
psdir='${docdir}'
sbindir='${exec_prefix}/sbin'
sharedstatedir='${prefix}/com'
sysconfdir='${prefix}/etc'
target_alias=''

## ----------- ##
## confdefs.h. ##
## ----------- ##

/* confdefs.h */
#define PACKAGE_NAME "scrypt"
#define PACKAGE_TARNAME "scrypt"
#define PACKAGE_VERSION "1.2.1"
#define PACKAGE_STRING "scrypt 1.2.1"
#define PACKAGE_BUGREPORT "https://github.com/Tarsnap/scrypt"
#define PACKAGE_URL "http://www.tarsnap.com/scrypt/"
#define PACKAGE "scrypt"
#define VERSION "1.2.1"
#define HAVE_CLOCK_GETTIME 1
#define STDC_HEADERS 1
#define HAVE_SYS_TYPES_H 1
#define HAVE_SYS_STAT_H 1
#define HAVE_STDLIB_H 1
#define HAVE_STRING_H 1
#define HAVE_MEMORY_H 1
#define HAVE_STRINGS_H 1
#define HAVE_INTTYPES_H 1
#define HAVE_STDINT_H 1
#define HAVE_UNISTD_H 1
#define HAVE_SYS_SYSINFO_H 1
#define HAVE_SYSINFO 1
#define HAVE_STRUCT_SYSINFO 1
#define HAVE_STRUCT_SYSINFO_TOTALRAM 1
#define HAVE_STRUCT_SYSINFO_MEM_UNIT 1
#define HAVE_SYS_PARAM_H 1
#define HAVE_OPENSSL_AES_H 1
#define HAVE_SYS_SYSCTL_H 1
#define HAVE_POSIX_MEMALIGN 1
#define HAVE_MMAP 1

configure: exit 0
