\BOOKMARK [1][-]{section.1}{Progress of the Last Week}{}% 1
\BOOKMARK [1][-]{section.2}{Explaining Chosen Mining Algorithms}{}% 2
\BOOKMARK [2][-]{subsection.2.1}{Ethash}{section.2}% 3
\BOOKMARK [3][-]{subsubsection.2.1.1}{Getting the seed}{subsection.2.1}% 4
\BOOKMARK [3][-]{subsubsection.2.1.2}{Size definitions of the cache and the dataset}{subsection.2.1}% 5
\BOOKMARK [3][-]{subsubsection.2.1.3}{The cache generation}{subsection.2.1}% 6
\BOOKMARK [3][-]{subsubsection.2.1.4}{The dataset generation}{subsection.2.1}% 7
\BOOKMARK [3][-]{subsubsection.2.1.5}{Mining}{subsection.2.1}% 8
\BOOKMARK [3][-]{subsubsection.2.1.6}{Verifying}{subsection.2.1}% 9
\BOOKMARK [2][-]{subsection.2.2}{CryptoNight}{section.2}% 10
\BOOKMARK [3][-]{subsubsection.2.2.1}{The scratchpad initialisation}{subsection.2.2}% 11
\BOOKMARK [3][-]{subsubsection.2.2.2}{Memory-hard Loop}{subsection.2.2}% 12
\BOOKMARK [3][-]{subsubsection.2.2.3}{Result Calculation}{subsection.2.2}% 13
\BOOKMARK [2][-]{subsection.2.3}{Scrypt}{section.2}% 14
\BOOKMARK [1][-]{section.3}{Testing and Performance Analysis}{}% 15
\BOOKMARK [2][-]{subsection.3.1}{Ethash}{section.3}% 16
\BOOKMARK [2][-]{subsection.3.2}{Scrypt}{section.3}% 17
\BOOKMARK [2][-]{subsection.3.3}{CryptoNight}{section.3}% 18
\BOOKMARK [1][-]{section.4}{Miscellaneous}{}% 19
\BOOKMARK [1][-]{section.5}{Next Week's Plan}{}% 20
